... Starting Sims
[]
--- 0.2315385341644287 seconds ---
Percent complete: 0.0
[]
--- 0.23675274848937988 seconds ---
Percent complete: 0.0006944444444444445
[]
--- 0.23656535148620605 seconds ---
Percent complete: 0.001388888888888889
[]
--- 0.23105645179748535 seconds ---
Percent complete: 0.0020833333333333333
[]
--- 0.23293042182922363 seconds ---
Percent complete: 0.002777777777777778
[]
--- 0.2396097183227539 seconds ---
Percent complete: 0.003472222222222222
[]
--- 0.24007034301757812 seconds ---
Percent complete: 0.004166666666666667
[]
--- 0.242262601852417 seconds ---
Percent complete: 0.004861111111111111
[]
--- 0.2404341697692871 seconds ---
Percent complete: 0.005555555555555556
[]
--- 0.23551416397094727 seconds ---
Percent complete: 0.00625
[]
--- 0.23795866966247559 seconds ---
Percent complete: 0.006944444444444444
[]
--- 0.23826289176940918 seconds ---
Percent complete: 0.007638888888888889
[]
--- 0.23992657661437988 seconds ---
Percent complete: 0.008333333333333333
[]
--- 0.24062681198120117 seconds ---
Percent complete: 0.009027777777777777
[]
--- 0.2582211494445801 seconds ---
Percent complete: 0.009722222222222222
[]
--- 0.2373664379119873 seconds ---
Percent complete: 0.010416666666666666
[]
--- 0.2410886287689209 seconds ---
Percent complete: 0.011111111111111112
[]
--- 0.23770976066589355 seconds ---
Percent complete: 0.011805555555555555
[]
--- 0.24035334587097168 seconds ---
Percent complete: 0.0125
[]
--- 0.2397000789642334 seconds ---
Percent complete: 0.013194444444444444
[]
--- 0.23805022239685059 seconds ---
Percent complete: 0.013888888888888888
[]
--- 0.2394883632659912 seconds ---
Percent complete: 0.014583333333333334
[]
--- 0.2384345531463623 seconds ---
Percent complete: 0.015277777777777777
[]
--- 0.2366786003112793 seconds ---
Percent complete: 0.01597222222222222
[]
--- 0.23855853080749512 seconds ---
Percent complete: 0.016666666666666666
[]
--- 0.24443459510803223 seconds ---
Percent complete: 0.017361111111111112
[]
--- 0.24514555931091309 seconds ---
Percent complete: 0.018055555555555554
[]
--- 0.23885369300842285 seconds ---
Percent complete: 0.01875
[]
--- 0.24301958084106445 seconds ---
Percent complete: 0.019444444444444445
[]
--- 0.23979735374450684 seconds ---
Percent complete: 0.02013888888888889
[]
--- 0.2391955852508545 seconds ---
Percent complete: 0.020833333333333332
[]
--- 0.24073219299316406 seconds ---
Percent complete: 0.021527777777777778
[]
--- 0.24111437797546387 seconds ---
Percent complete: 0.022222222222222223
[]
--- 0.2401881217956543 seconds ---
Percent complete: 0.022916666666666665
[]
--- 0.2551283836364746 seconds ---
Percent complete: 0.02361111111111111
[]
--- 0.23964834213256836 seconds ---
Percent complete: 0.024305555555555556
[]
--- 0.24033379554748535 seconds ---
Percent complete: 0.025
[]
--- 0.2416667938232422 seconds ---
Percent complete: 0.025694444444444443
[]
--- 0.2400226593017578 seconds ---
Percent complete: 0.02638888888888889
[]
--- 0.3091611862182617 seconds ---
Percent complete: 0.027083333333333334
[]
--- 0.2938551902770996 seconds ---
Percent complete: 0.027777777777777776
[]
--- 0.29532456398010254 seconds ---
Percent complete: 0.02847222222222222
[]
--- 0.24614262580871582 seconds ---
Percent complete: 0.029166666666666667
[]
--- 0.24574780464172363 seconds ---
Percent complete: 0.029861111111111113
[]
--- 0.24111294746398926 seconds ---
Percent complete: 0.030555555555555555
[]
--- 0.2433316707611084 seconds ---
Percent complete: 0.03125
[]
--- 0.23951053619384766 seconds ---
Percent complete: 0.03194444444444444
[]
--- 0.25092577934265137 seconds ---
Percent complete: 0.03263888888888889
[]
--- 0.2525777816772461 seconds ---
Percent complete: 0.03333333333333333
[]
--- 0.27321720123291016 seconds ---
Percent complete: 0.034027777777777775
[]
--- 0.2724747657775879 seconds ---
Percent complete: 0.034722222222222224
[]
--- 0.27195096015930176 seconds ---
Percent complete: 0.035416666666666666
[]
--- 0.2483677864074707 seconds ---
Percent complete: 0.03611111111111111
[]
--- 0.2536337375640869 seconds ---
Percent complete: 0.03680555555555556
[]
--- 0.269636869430542 seconds ---
Percent complete: 0.0375
[]
--- 0.26776123046875 seconds ---
Percent complete: 0.03819444444444445
[]
--- 0.27497005462646484 seconds ---
Percent complete: 0.03888888888888889
[]
--- 0.2589731216430664 seconds ---
Percent complete: 0.03958333333333333
[]
--- 0.22369885444641113 seconds ---
Percent complete: 0.04027777777777778
[]
--- 0.270153284072876 seconds ---
Percent complete: 0.04097222222222222
[]
--- 0.25150561332702637 seconds ---
Percent complete: 0.041666666666666664
[]
--- 0.24444150924682617 seconds ---
Percent complete: 0.04236111111111111
[]
--- 0.23819422721862793 seconds ---
Percent complete: 0.043055555555555555
[]
--- 0.23890399932861328 seconds ---
Percent complete: 0.04375
[]
--- 0.23595857620239258 seconds ---
Percent complete: 0.044444444444444446
[]
--- 0.25272679328918457 seconds ---
Percent complete: 0.04513888888888889
[]
--- 0.2381911277770996 seconds ---
Percent complete: 0.04583333333333333
[]
--- 0.2350630760192871 seconds ---
Percent complete: 0.04652777777777778
[]
--- 0.23508620262145996 seconds ---
Percent complete: 0.04722222222222222
[]
--- 0.24076008796691895 seconds ---
Percent complete: 0.04791666666666667
[]
--- 0.23262691497802734 seconds ---
Percent complete: 0.04861111111111111
[]
--- 0.23666906356811523 seconds ---
Percent complete: 0.049305555555555554
[]
--- 0.2352309226989746 seconds ---
Percent complete: 0.05
[]
--- 0.23685359954833984 seconds ---
Percent complete: 0.050694444444444445
[]
--- 0.2370591163635254 seconds ---
Percent complete: 0.05138888888888889
[]
--- 0.2328968048095703 seconds ---
Percent complete: 0.052083333333333336
[]
--- 0.23402953147888184 seconds ---
Percent complete: 0.05277777777777778
[]
--- 0.23846983909606934 seconds ---
Percent complete: 0.05347222222222222
[]
--- 0.2336897850036621 seconds ---
Percent complete: 0.05416666666666667
[]
--- 0.25802111625671387 seconds ---
Percent complete: 0.05486111111111111
[]
--- 0.23945045471191406 seconds ---
Percent complete: 0.05555555555555555
[]
--- 0.236649751663208 seconds ---
Percent complete: 0.05625
[]
--- 0.23845195770263672 seconds ---
Percent complete: 0.05694444444444444
[]
--- 0.24007725715637207 seconds ---
Percent complete: 0.05763888888888889
[]
--- 0.23877501487731934 seconds ---
Percent complete: 0.058333333333333334
[]
--- 0.25706052780151367 seconds ---
Percent complete: 0.059027777777777776
[]
--- 0.23516273498535156 seconds ---
Percent complete: 0.059722222222222225
[]
--- 0.235184907913208 seconds ---
Percent complete: 0.06041666666666667
[]
--- 0.23622870445251465 seconds ---
Percent complete: 0.06111111111111111
[]
--- 0.2361619472503662 seconds ---
Percent complete: 0.06180555555555556
[]
--- 0.23796916007995605 seconds ---
Percent complete: 0.0625
[]
--- 0.23424768447875977 seconds ---
Percent complete: 0.06319444444444444
[]
--- 0.2354598045349121 seconds ---
Percent complete: 0.06388888888888888
[]
--- 0.23612594604492188 seconds ---
Percent complete: 0.06458333333333334
[]
--- 0.23836779594421387 seconds ---
Percent complete: 0.06527777777777778
[]
--- 0.2375791072845459 seconds ---
Percent complete: 0.06597222222222222
[]
--- 0.2332620620727539 seconds ---
Percent complete: 0.06666666666666667
[]
--- 0.2349855899810791 seconds ---
Percent complete: 0.06736111111111111
[]
--- 0.23551726341247559 seconds ---
Percent complete: 0.06805555555555555
[]
--- 0.2340373992919922 seconds ---
Percent complete: 0.06875
[]
--- 0.2353360652923584 seconds ---
Percent complete: 0.06944444444444445
[]
--- 0.2546229362487793 seconds ---
Percent complete: 0.07013888888888889
[]
--- 0.23999857902526855 seconds ---
Percent complete: 0.07083333333333333
[]
--- 0.23682641983032227 seconds ---
Percent complete: 0.07152777777777777
[]
--- 0.23680520057678223 seconds ---
Percent complete: 0.07222222222222222
[]
--- 0.23436927795410156 seconds ---
Percent complete: 0.07291666666666667
[]
--- 0.24290132522583008 seconds ---
Percent complete: 0.07361111111111111
[]
--- 0.23312807083129883 seconds ---
Percent complete: 0.07430555555555556
[]
--- 0.2352428436279297 seconds ---
Percent complete: 0.075
[]
--- 0.2390275001525879 seconds ---
Percent complete: 0.07569444444444444
[]
--- 0.2406930923461914 seconds ---
Percent complete: 0.0763888888888889
[]
--- 0.2376117706298828 seconds ---
Percent complete: 0.07708333333333334
[]
--- 0.23993921279907227 seconds ---
Percent complete: 0.07777777777777778
[]
--- 0.24002909660339355 seconds ---
Percent complete: 0.07847222222222222
[]
--- 0.23995542526245117 seconds ---
Percent complete: 0.07916666666666666
[]
--- 0.2408580780029297 seconds ---
Percent complete: 0.0798611111111111
[]
--- 0.25270819664001465 seconds ---
Percent complete: 0.08055555555555556
[]
--- 0.23569631576538086 seconds ---
Percent complete: 0.08125
[]
--- 0.2716827392578125 seconds ---
Percent complete: 0.08194444444444444
[]
--- 0.2841784954071045 seconds ---
Percent complete: 0.08263888888888889
[]
--- 0.28137922286987305 seconds ---
Percent complete: 0.08333333333333333
[]
--- 0.24636554718017578 seconds ---
Percent complete: 0.08402777777777778
[]
--- 0.23798370361328125 seconds ---
Percent complete: 0.08472222222222223
[]
--- 0.234633207321167 seconds ---
Percent complete: 0.08541666666666667
[]
--- 0.2481071949005127 seconds ---
Percent complete: 0.08611111111111111
[]
--- 0.24317717552185059 seconds ---
Percent complete: 0.08680555555555555
[]
--- 0.2442002296447754 seconds ---
Percent complete: 0.0875
[]
--- 0.27021360397338867 seconds ---
Percent complete: 0.08819444444444445
[]
--- 0.2664337158203125 seconds ---
Percent complete: 0.08888888888888889
[]
--- 0.26551270484924316 seconds ---
Percent complete: 0.08958333333333333
[]
--- 0.23786258697509766 seconds ---
Percent complete: 0.09027777777777778
[]
--- 0.25272274017333984 seconds ---
Percent complete: 0.09097222222222222
[]
--- 0.2438826560974121 seconds ---
Percent complete: 0.09166666666666666
[]
--- 0.2371995449066162 seconds ---
Percent complete: 0.09236111111111112
[]
--- 0.23823261260986328 seconds ---
Percent complete: 0.09305555555555556
[]
--- 0.23497438430786133 seconds ---
Percent complete: 0.09375
[]
--- 0.2520890235900879 seconds ---
Percent complete: 0.09444444444444444
[]
--- 0.23456883430480957 seconds ---
Percent complete: 0.09513888888888888
[]
--- 0.23664402961730957 seconds ---
Percent complete: 0.09583333333333334
[]
--- 0.23844122886657715 seconds ---
Percent complete: 0.09652777777777778
[]
--- 0.23828959465026855 seconds ---
Percent complete: 0.09722222222222222
[]
--- 0.2403266429901123 seconds ---
Percent complete: 0.09791666666666667
[]
--- 0.23858928680419922 seconds ---
Percent complete: 0.09861111111111111
[]
--- 0.23907947540283203 seconds ---
Percent complete: 0.09930555555555555
[]
--- 0.23447751998901367 seconds ---
Percent complete: 0.1
[]
--- 0.2407550811767578 seconds ---
Percent complete: 0.10069444444444445
[]
--- 0.239532470703125 seconds ---
Percent complete: 0.10138888888888889
[]
--- 0.23807811737060547 seconds ---
Percent complete: 0.10208333333333333
[]
--- 0.2349376678466797 seconds ---
Percent complete: 0.10277777777777777
[]
--- 0.23655200004577637 seconds ---
Percent complete: 0.10347222222222222
[]
--- 0.24175310134887695 seconds ---
Percent complete: 0.10416666666666667
[]
--- 0.2423703670501709 seconds ---
Percent complete: 0.10486111111111111
[]
--- 0.25485658645629883 seconds ---
Percent complete: 0.10555555555555556
[]
--- 0.23935914039611816 seconds ---
Percent complete: 0.10625
[]
--- 0.2397928237915039 seconds ---
Percent complete: 0.10694444444444444
[]
--- 0.23868274688720703 seconds ---
Percent complete: 0.1076388888888889
[]
--- 0.23755431175231934 seconds ---
Percent complete: 0.10833333333333334
[]
--- 0.2340242862701416 seconds ---
Percent complete: 0.10902777777777778
[]
--- 0.23877835273742676 seconds ---
Percent complete: 0.10972222222222222
[]
--- 0.23874258995056152 seconds ---
Percent complete: 0.11041666666666666
[]
--- 0.23645544052124023 seconds ---
Percent complete: 0.1111111111111111
[]
--- 0.24166464805603027 seconds ---
Percent complete: 0.11180555555555556
[]
--- 0.23294639587402344 seconds ---
Percent complete: 0.1125
[]
--- 0.2373194694519043 seconds ---
Percent complete: 0.11319444444444444
[]
--- 0.23858952522277832 seconds ---
Percent complete: 0.11388888888888889
[]
--- 0.24996519088745117 seconds ---
Percent complete: 0.11458333333333333
[]
--- 0.2406301498413086 seconds ---
Percent complete: 0.11527777777777778
[]
--- 0.25797009468078613 seconds ---
Percent complete: 0.11597222222222223
[]
--- 0.24018359184265137 seconds ---
Percent complete: 0.11666666666666667
[]
--- 0.23978900909423828 seconds ---
Percent complete: 0.11736111111111111
[]
--- 0.24087214469909668 seconds ---
Percent complete: 0.11805555555555555
[]
--- 0.23971891403198242 seconds ---
Percent complete: 0.11875
[]
--- 0.2577171325683594 seconds ---
Percent complete: 0.11944444444444445
[]
--- 0.3005673885345459 seconds ---
Percent complete: 0.12013888888888889
[]
--- 0.2780289649963379 seconds ---
Percent complete: 0.12083333333333333
[]
--- 0.28113627433776855 seconds ---
Percent complete: 0.12152777777777778
[]
--- 0.24029827117919922 seconds ---
Percent complete: 0.12222222222222222
[]
--- 0.24170279502868652 seconds ---
Percent complete: 0.12291666666666666
[]
--- 0.23966145515441895 seconds ---
Percent complete: 0.12361111111111112
[]
--- 0.23924589157104492 seconds ---
Percent complete: 0.12430555555555556
[]
--- 0.2344374656677246 seconds ---
Percent complete: 0.125
[]
--- 0.21462535858154297 seconds ---
Percent complete: 0.12569444444444444
[]
--- 0.23794198036193848 seconds ---
Percent complete: 0.12638888888888888
[]
--- 0.2482001781463623 seconds ---
Percent complete: 0.12708333333333333
[]
--- 0.2407517433166504 seconds ---
Percent complete: 0.12777777777777777
[]
--- 0.24430346488952637 seconds ---
Percent complete: 0.1284722222222222
[]
--- 0.2433016300201416 seconds ---
Percent complete: 0.12916666666666668
[]
--- 0.28334498405456543 seconds ---
Percent complete: 0.12986111111111112
[]
--- 0.24330496788024902 seconds ---
Percent complete: 0.13055555555555556
[]
--- 0.2501049041748047 seconds ---
Percent complete: 0.13125
[]
--- 0.24590730667114258 seconds ---
Percent complete: 0.13194444444444445
[]
--- 0.27997803688049316 seconds ---
Percent complete: 0.1326388888888889
[]
--- 0.2789325714111328 seconds ---
Percent complete: 0.13333333333333333
[]
--- 0.2686941623687744 seconds ---
Percent complete: 0.13402777777777777
[]
--- 0.24992775917053223 seconds ---
Percent complete: 0.13472222222222222
[]
--- 0.23810100555419922 seconds ---
Percent complete: 0.13541666666666666
[]
--- 0.2429060935974121 seconds ---
Percent complete: 0.1361111111111111
[]
--- 0.23997163772583008 seconds ---
Percent complete: 0.13680555555555557
[]
--- 0.24028539657592773 seconds ---
Percent complete: 0.1375
[]
--- 0.24599194526672363 seconds ---
Percent complete: 0.13819444444444445
[]
--- 0.24689841270446777 seconds ---
Percent complete: 0.1388888888888889
[]
--- 0.25194764137268066 seconds ---
Percent complete: 0.13958333333333334
[]
--- 0.2867569923400879 seconds ---
Percent complete: 0.14027777777777778
[]
--- 0.2632725238800049 seconds ---
Percent complete: 0.14097222222222222
[]
--- 0.24561476707458496 seconds ---
Percent complete: 0.14166666666666666
[]
--- 0.24555444717407227 seconds ---
Percent complete: 0.1423611111111111
[]
--- 0.2510662078857422 seconds ---
Percent complete: 0.14305555555555555
[]
--- 0.243896484375 seconds ---
Percent complete: 0.14375
[]
--- 0.24761104583740234 seconds ---
Percent complete: 0.14444444444444443
[]
--- 0.2496323585510254 seconds ---
Percent complete: 0.1451388888888889
[]
--- 0.2478477954864502 seconds ---
Percent complete: 0.14583333333333334
[]
--- 0.25193095207214355 seconds ---
Percent complete: 0.14652777777777778
[]
--- 0.2471625804901123 seconds ---
Percent complete: 0.14722222222222223
[]
--- 0.25008225440979004 seconds ---
Percent complete: 0.14791666666666667
[]
--- 0.2440798282623291 seconds ---
Percent complete: 0.1486111111111111
[]
--- 0.2441403865814209 seconds ---
Percent complete: 0.14930555555555555
[]
--- 0.2507491111755371 seconds ---
Percent complete: 0.15
[]
--- 0.23549771308898926 seconds ---
Percent complete: 0.15069444444444444
[]
--- 0.25740885734558105 seconds ---
Percent complete: 0.15138888888888888
[]
--- 0.24325060844421387 seconds ---
Percent complete: 0.15208333333333332
[]
--- 0.23887872695922852 seconds ---
Percent complete: 0.1527777777777778
[]
--- 0.2292184829711914 seconds ---
Percent complete: 0.15347222222222223
[]
--- 0.23469758033752441 seconds ---
Percent complete: 0.15416666666666667
[]
--- 0.22422194480895996 seconds ---
Percent complete: 0.15486111111111112
[]
--- 0.22234606742858887 seconds ---
Percent complete: 0.15555555555555556
[]
--- 0.22498703002929688 seconds ---
Percent complete: 0.15625
[]
--- 0.2680399417877197 seconds ---
Percent complete: 0.15694444444444444
[]
--- 0.2787148952484131 seconds ---
Percent complete: 0.15763888888888888
[]
--- 0.28906989097595215 seconds ---
Percent complete: 0.15833333333333333
[]
--- 0.27860260009765625 seconds ---
Percent complete: 0.15902777777777777
[]
--- 0.2990870475769043 seconds ---
Percent complete: 0.1597222222222222
[]
--- 0.27836179733276367 seconds ---
Percent complete: 0.16041666666666668
[]
--- 0.29105162620544434 seconds ---
Percent complete: 0.16111111111111112
[]
--- 0.30317163467407227 seconds ---
Percent complete: 0.16180555555555556
[]
--- 0.3175840377807617 seconds ---
Percent complete: 0.1625
[]
--- 0.3134336471557617 seconds ---
Percent complete: 0.16319444444444445
[]
--- 0.30360841751098633 seconds ---
Percent complete: 0.1638888888888889
[]
--- 0.2911691665649414 seconds ---
Percent complete: 0.16458333333333333
[]
--- 0.3303542137145996 seconds ---
Percent complete: 0.16527777777777777
[]
--- 0.30309295654296875 seconds ---
Percent complete: 0.16597222222222222
[]
--- 0.3133718967437744 seconds ---
Percent complete: 0.16666666666666666
[]
--- 0.303250789642334 seconds ---
Percent complete: 0.1673611111111111
[]
--- 0.3022933006286621 seconds ---
Percent complete: 0.16805555555555557
[]
--- 0.3021678924560547 seconds ---
Percent complete: 0.16875
[]
--- 0.3124053478240967 seconds ---
Percent complete: 0.16944444444444445
[]
--- 0.3174417018890381 seconds ---
Percent complete: 0.1701388888888889
[]
--- 0.3327665328979492 seconds ---
Percent complete: 0.17083333333333334
[]
--- 0.44753289222717285 seconds ---
Percent complete: 0.17152777777777778
[]
--- 0.4030942916870117 seconds ---
Percent complete: 0.17222222222222222
[]
--- 0.31251955032348633 seconds ---
Percent complete: 0.17291666666666666
[]
--- 0.28374195098876953 seconds ---
Percent complete: 0.1736111111111111
[]
--- 0.28897523880004883 seconds ---
Percent complete: 0.17430555555555555
[]
--- 0.2568957805633545 seconds ---
Percent complete: 0.175
[]
--- 0.2530691623687744 seconds ---
Percent complete: 0.17569444444444443
[]
--- 0.2681417465209961 seconds ---
Percent complete: 0.1763888888888889
[]
--- 0.2598433494567871 seconds ---
Percent complete: 0.17708333333333334
[]
--- 0.2533993721008301 seconds ---
Percent complete: 0.17777777777777778
[]
--- 0.2585728168487549 seconds ---
Percent complete: 0.17847222222222223
[]
--- 0.25060129165649414 seconds ---
Percent complete: 0.17916666666666667
[]
--- 0.25188493728637695 seconds ---
Percent complete: 0.1798611111111111
[]
--- 0.2613956928253174 seconds ---
Percent complete: 0.18055555555555555
[]
--- 0.25539588928222656 seconds ---
Percent complete: 0.18125
[]
--- 0.24289441108703613 seconds ---
Percent complete: 0.18194444444444444
[]
--- 0.2495899200439453 seconds ---
Percent complete: 0.18263888888888888
[]
--- 0.24898195266723633 seconds ---
Percent complete: 0.18333333333333332
[]
--- 0.2431941032409668 seconds ---
Percent complete: 0.1840277777777778
[]
--- 0.24350500106811523 seconds ---
Percent complete: 0.18472222222222223
[]
--- 0.2407681941986084 seconds ---
Percent complete: 0.18541666666666667
[]
--- 0.25691890716552734 seconds ---
Percent complete: 0.18611111111111112
[]
--- 0.26847052574157715 seconds ---
Percent complete: 0.18680555555555556
[]
--- 0.249436616897583 seconds ---
Percent complete: 0.1875
[]
--- 0.24810576438903809 seconds ---
Percent complete: 0.18819444444444444
[]
--- 0.24521470069885254 seconds ---
Percent complete: 0.18888888888888888
[]
--- 0.24691057205200195 seconds ---
Percent complete: 0.18958333333333333
[]
--- 0.2521049976348877 seconds ---
Percent complete: 0.19027777777777777
[]
--- 0.24849438667297363 seconds ---
Percent complete: 0.1909722222222222
[]
--- 0.2562706470489502 seconds ---
Percent complete: 0.19166666666666668
[]
--- 0.2552061080932617 seconds ---
Percent complete: 0.19236111111111112
[]
--- 0.28004932403564453 seconds ---
Percent complete: 0.19305555555555556
[]
--- 0.2710702419281006 seconds ---
Percent complete: 0.19375
[]
--- 0.28984642028808594 seconds ---
Percent complete: 0.19444444444444445
[]
--- 0.2894887924194336 seconds ---
Percent complete: 0.1951388888888889
[]
--- 0.29184818267822266 seconds ---
Percent complete: 0.19583333333333333
[]
--- 0.2707040309906006 seconds ---
Percent complete: 0.19652777777777777
[]
--- 0.2588686943054199 seconds ---
Percent complete: 0.19722222222222222
[]
--- 0.2536640167236328 seconds ---
Percent complete: 0.19791666666666666
[]
--- 0.24976325035095215 seconds ---
Percent complete: 0.1986111111111111
[]
--- 0.25121474266052246 seconds ---
Percent complete: 0.19930555555555557
[]
--- 0.2501955032348633 seconds ---
Percent complete: 0.2
[]
--- 0.2757604122161865 seconds ---
Percent complete: 0.20069444444444445
[]
--- 0.25208473205566406 seconds ---
Percent complete: 0.2013888888888889
[]
--- 0.25339508056640625 seconds ---
Percent complete: 0.20208333333333334
[]
--- 0.25374412536621094 seconds ---
Percent complete: 0.20277777777777778
[]
--- 0.22697210311889648 seconds ---
Percent complete: 0.20347222222222222
[]
--- 0.24936985969543457 seconds ---
Percent complete: 0.20416666666666666
[]
--- 0.2784428596496582 seconds ---
Percent complete: 0.2048611111111111
[]
--- 0.27605342864990234 seconds ---
Percent complete: 0.20555555555555555
[]
--- 0.2788584232330322 seconds ---
Percent complete: 0.20625
[]
--- 0.2700045108795166 seconds ---
Percent complete: 0.20694444444444443
[]
--- 0.2723872661590576 seconds ---
Percent complete: 0.2076388888888889
[]
--- 0.29200291633605957 seconds ---
Percent complete: 0.20833333333333334
[]
--- 0.27660655975341797 seconds ---
Percent complete: 0.20902777777777778
[]
--- 0.2908766269683838 seconds ---
Percent complete: 0.20972222222222223
[]
--- 0.2896740436553955 seconds ---
Percent complete: 0.21041666666666667
[]
--- 0.2609245777130127 seconds ---
Percent complete: 0.2111111111111111
[]
--- 0.27047133445739746 seconds ---
Percent complete: 0.21180555555555555
[]
--- 0.2525899410247803 seconds ---
Percent complete: 0.2125
[]
--- 0.2530794143676758 seconds ---
Percent complete: 0.21319444444444444
[]
--- 0.2538893222808838 seconds ---
Percent complete: 0.21388888888888888
[]
--- 0.24865174293518066 seconds ---
Percent complete: 0.21458333333333332
[]
--- 0.2475907802581787 seconds ---
Percent complete: 0.2152777777777778
[]
--- 0.2501490116119385 seconds ---
Percent complete: 0.21597222222222223
[]
--- 0.2482469081878662 seconds ---
Percent complete: 0.21666666666666667
[]
--- 0.26250743865966797 seconds ---
Percent complete: 0.21736111111111112
[]
--- 0.24831891059875488 seconds ---
Percent complete: 0.21805555555555556
[]
--- 0.2502868175506592 seconds ---
Percent complete: 0.21875
[]
--- 0.23510146141052246 seconds ---
Percent complete: 0.21944444444444444
[]
--- 0.23533368110656738 seconds ---
Percent complete: 0.22013888888888888
[]
--- 0.2384486198425293 seconds ---
Percent complete: 0.22083333333333333
[]
--- 0.2400660514831543 seconds ---
Percent complete: 0.22152777777777777
[]
--- 0.26451992988586426 seconds ---
Percent complete: 0.2222222222222222
[]
--- 0.2524681091308594 seconds ---
Percent complete: 0.22291666666666668
[]
--- 0.238814115524292 seconds ---
Percent complete: 0.22361111111111112
[]
--- 0.26384782791137695 seconds ---
Percent complete: 0.22430555555555556
[]
--- 0.306887149810791 seconds ---
Percent complete: 0.225
[]
--- 0.2925727367401123 seconds ---
Percent complete: 0.22569444444444445
[]
--- 0.24680495262145996 seconds ---
Percent complete: 0.2263888888888889
[]
--- 0.24999117851257324 seconds ---
Percent complete: 0.22708333333333333
[]
--- 0.23795247077941895 seconds ---
Percent complete: 0.22777777777777777
[]
--- 0.24172043800354004 seconds ---
Percent complete: 0.22847222222222222
[]
--- 0.2530045509338379 seconds ---
Percent complete: 0.22916666666666666
[]
--- 0.25693535804748535 seconds ---
Percent complete: 0.2298611111111111
[]
--- 0.2685248851776123 seconds ---
Percent complete: 0.23055555555555557
[]
--- 0.2483692169189453 seconds ---
Percent complete: 0.23125
[]
--- 0.2649853229522705 seconds ---
Percent complete: 0.23194444444444445
[]
--- 0.2326207160949707 seconds ---
Percent complete: 0.2326388888888889
[]
--- 0.2489933967590332 seconds ---
Percent complete: 0.23333333333333334
[]
--- 0.28537464141845703 seconds ---
Percent complete: 0.23402777777777778
[]
--- 0.2626514434814453 seconds ---
Percent complete: 0.23472222222222222
[]
--- 0.23685765266418457 seconds ---
Percent complete: 0.23541666666666666
[]
--- 0.2543151378631592 seconds ---
Percent complete: 0.2361111111111111
[]
--- 0.2313849925994873 seconds ---
Percent complete: 0.23680555555555555
[]
--- 0.23689603805541992 seconds ---
Percent complete: 0.2375
[]
--- 0.2339334487915039 seconds ---
Percent complete: 0.23819444444444443
[]
--- 0.2959721088409424 seconds ---
Percent complete: 0.2388888888888889
[]
--- 0.27576565742492676 seconds ---
Percent complete: 0.23958333333333334
[]
--- 0.23824238777160645 seconds ---
Percent complete: 0.24027777777777778
[]
--- 0.2473304271697998 seconds ---
Percent complete: 0.24097222222222223
[]
--- 0.25548243522644043 seconds ---
Percent complete: 0.24166666666666667
[]
--- 0.24365997314453125 seconds ---
Percent complete: 0.2423611111111111
[]
--- 0.24434518814086914 seconds ---
Percent complete: 0.24305555555555555
[]
--- 0.24051594734191895 seconds ---
Percent complete: 0.24375
[]
--- 0.24562692642211914 seconds ---
Percent complete: 0.24444444444444444
[]
--- 0.24585604667663574 seconds ---
Percent complete: 0.24513888888888888
[]
--- 0.23933672904968262 seconds ---
Percent complete: 0.24583333333333332
[]
--- 0.24954438209533691 seconds ---
Percent complete: 0.2465277777777778
[]
--- 0.2623789310455322 seconds ---
Percent complete: 0.24722222222222223
[]
--- 0.24277567863464355 seconds ---
Percent complete: 0.24791666666666667
[]
--- 0.24423575401306152 seconds ---
Percent complete: 0.24861111111111112
[]
--- 0.23926639556884766 seconds ---
Percent complete: 0.24930555555555556
[]
--- 0.2421860694885254 seconds ---
Percent complete: 0.25
[]
--- 0.27753758430480957 seconds ---
Percent complete: 0.25069444444444444
[]
--- 0.23974275588989258 seconds ---
Percent complete: 0.2513888888888889
[]
--- 0.25124526023864746 seconds ---
Percent complete: 0.2520833333333333
[]
--- 0.24617815017700195 seconds ---
Percent complete: 0.25277777777777777
[]
--- 0.251903772354126 seconds ---
Percent complete: 0.2534722222222222
[]
--- 0.24834084510803223 seconds ---
Percent complete: 0.25416666666666665
[]
--- 0.2436230182647705 seconds ---
Percent complete: 0.2548611111111111
[]
--- 0.24505877494812012 seconds ---
Percent complete: 0.25555555555555554
[]
--- 0.24916934967041016 seconds ---
Percent complete: 0.25625
[]
--- 0.2878713607788086 seconds ---
Percent complete: 0.2569444444444444
[]
--- 0.29304933547973633 seconds ---
Percent complete: 0.25763888888888886
[]
--- 0.24749159812927246 seconds ---
Percent complete: 0.25833333333333336
[]
--- 0.24000144004821777 seconds ---
Percent complete: 0.2590277777777778
[]
--- 0.23834228515625 seconds ---
Percent complete: 0.25972222222222224
[]
--- 0.24368858337402344 seconds ---
Percent complete: 0.2604166666666667
[]
--- 0.2766835689544678 seconds ---
Percent complete: 0.2611111111111111
[]
--- 0.2674682140350342 seconds ---
Percent complete: 0.26180555555555557
[]
--- 0.28310608863830566 seconds ---
Percent complete: 0.2625
[]
--- 0.24025392532348633 seconds ---
Percent complete: 0.26319444444444445
[]
--- 0.23718810081481934 seconds ---
Percent complete: 0.2638888888888889
[]
--- 0.24146175384521484 seconds ---
Percent complete: 0.26458333333333334
[]
--- 0.2428896427154541 seconds ---
Percent complete: 0.2652777777777778
[]
--- 0.23913049697875977 seconds ---
Percent complete: 0.2659722222222222
[]
--- 0.23718810081481934 seconds ---
Percent complete: 0.26666666666666666
[]
--- 0.24411845207214355 seconds ---
Percent complete: 0.2673611111111111
[]
--- 0.24428772926330566 seconds ---
Percent complete: 0.26805555555555555
[]
--- 0.24498510360717773 seconds ---
Percent complete: 0.26875
[]
--- 0.2372903823852539 seconds ---
Percent complete: 0.26944444444444443
[]
--- 0.24169397354125977 seconds ---
Percent complete: 0.2701388888888889
[]
--- 0.23755288124084473 seconds ---
Percent complete: 0.2708333333333333
[]
--- 0.25462794303894043 seconds ---
Percent complete: 0.27152777777777776
[]
--- 0.23785829544067383 seconds ---
Percent complete: 0.2722222222222222
[]
--- 0.24488067626953125 seconds ---
Percent complete: 0.27291666666666664
[]
--- 0.24053239822387695 seconds ---
Percent complete: 0.27361111111111114
[]
--- 0.23536992073059082 seconds ---
Percent complete: 0.2743055555555556
[]
--- 0.23788022994995117 seconds ---
Percent complete: 0.275
[]
--- 0.24999737739562988 seconds ---
Percent complete: 0.27569444444444446
[]
--- 0.24219822883605957 seconds ---
Percent complete: 0.2763888888888889
[]
--- 0.24529600143432617 seconds ---
Percent complete: 0.27708333333333335
[]
--- 0.24950742721557617 seconds ---
Percent complete: 0.2777777777777778
[]
--- 0.2423563003540039 seconds ---
Percent complete: 0.27847222222222223
[]
--- 0.24693751335144043 seconds ---
Percent complete: 0.2791666666666667
[]
--- 0.2433159351348877 seconds ---
Percent complete: 0.2798611111111111
[]
--- 0.24456119537353516 seconds ---
Percent complete: 0.28055555555555556
[]
--- 0.24546122550964355 seconds ---
Percent complete: 0.28125
[]
--- 0.2425377368927002 seconds ---
Percent complete: 0.28194444444444444
[]
--- 0.25856947898864746 seconds ---
Percent complete: 0.2826388888888889
[]
--- 0.2441694736480713 seconds ---
Percent complete: 0.2833333333333333
[]
--- 0.24061894416809082 seconds ---
Percent complete: 0.28402777777777777
[]
--- 0.24870014190673828 seconds ---
Percent complete: 0.2847222222222222
[]
--- 0.20851373672485352 seconds ---
Percent complete: 0.28541666666666665
[]
--- 0.24490880966186523 seconds ---
Percent complete: 0.2861111111111111
[]
--- 0.22681355476379395 seconds ---
Percent complete: 0.28680555555555554
[]
--- 0.2409982681274414 seconds ---
Percent complete: 0.2875
[]
--- 0.2308962345123291 seconds ---
Percent complete: 0.2881944444444444
[]
--- 0.22774338722229004 seconds ---
Percent complete: 0.28888888888888886
[]
--- 0.22430181503295898 seconds ---
Percent complete: 0.28958333333333336
[]
--- 0.2254629135131836 seconds ---
Percent complete: 0.2902777777777778
[]
--- 0.22658610343933105 seconds ---
Percent complete: 0.29097222222222224
[]
--- 0.22547578811645508 seconds ---
Percent complete: 0.2916666666666667
[]
--- 0.2218918800354004 seconds ---
Percent complete: 0.2923611111111111
[]
--- 0.24566030502319336 seconds ---
Percent complete: 0.29305555555555557
[]
--- 0.22765040397644043 seconds ---
Percent complete: 0.29375
[]
--- 0.22370052337646484 seconds ---
Percent complete: 0.29444444444444445
[]
--- 0.22339487075805664 seconds ---
Percent complete: 0.2951388888888889
[]
--- 0.21897196769714355 seconds ---
Percent complete: 0.29583333333333334
[]
--- 0.22142744064331055 seconds ---
Percent complete: 0.2965277777777778
[]
--- 0.22076773643493652 seconds ---
Percent complete: 0.2972222222222222
[]
--- 0.22122621536254883 seconds ---
Percent complete: 0.29791666666666666
[]
--- 0.21837830543518066 seconds ---
Percent complete: 0.2986111111111111
[]
--- 0.22064924240112305 seconds ---
Percent complete: 0.29930555555555555
[]
--- 0.21985244750976562 seconds ---
Percent complete: 0.3
[]
--- 0.22856855392456055 seconds ---
Percent complete: 0.30069444444444443
[]
--- 0.2264857292175293 seconds ---
Percent complete: 0.3013888888888889
[]
--- 0.23216915130615234 seconds ---
Percent complete: 0.3020833333333333
[]
--- 0.2211766242980957 seconds ---
Percent complete: 0.30277777777777776
[]
--- 0.22336077690124512 seconds ---
Percent complete: 0.3034722222222222
[]
--- 0.21755385398864746 seconds ---
Percent complete: 0.30416666666666664
[]
--- 0.2210845947265625 seconds ---
Percent complete: 0.30486111111111114
[]
--- 0.22168254852294922 seconds ---
Percent complete: 0.3055555555555556
[]
--- 0.21705222129821777 seconds ---
Percent complete: 0.30625
[]
--- 0.24268865585327148 seconds ---
Percent complete: 0.30694444444444446
[]
--- 0.22689294815063477 seconds ---
Percent complete: 0.3076388888888889
[]
--- 0.22600340843200684 seconds ---
Percent complete: 0.30833333333333335
[]
--- 0.225555419921875 seconds ---
Percent complete: 0.3090277777777778
[]
--- 0.23379826545715332 seconds ---
Percent complete: 0.30972222222222223
[]
--- 0.23089170455932617 seconds ---
Percent complete: 0.3104166666666667
[]
--- 0.2321939468383789 seconds ---
Percent complete: 0.3111111111111111
[]
--- 0.22720766067504883 seconds ---
Percent complete: 0.31180555555555556
[]
--- 0.2328488826751709 seconds ---
Percent complete: 0.3125
[]
--- 0.22979044914245605 seconds ---
Percent complete: 0.31319444444444444
[]
--- 0.2265491485595703 seconds ---
Percent complete: 0.3138888888888889
[]
--- 0.22655487060546875 seconds ---
Percent complete: 0.3145833333333333
[]
--- 0.23185396194458008 seconds ---
Percent complete: 0.31527777777777777
[]
--- 0.2288057804107666 seconds ---
Percent complete: 0.3159722222222222
[]
--- 0.22914457321166992 seconds ---
Percent complete: 0.31666666666666665
[]
--- 0.2240602970123291 seconds ---
Percent complete: 0.3173611111111111
[]
--- 0.24580001831054688 seconds ---
Percent complete: 0.31805555555555554
[]
--- 0.2263474464416504 seconds ---
Percent complete: 0.31875
[]
--- 0.23144793510437012 seconds ---
Percent complete: 0.3194444444444444
[]
--- 0.233168363571167 seconds ---
Percent complete: 0.32013888888888886
[]
--- 0.2328331470489502 seconds ---
Percent complete: 0.32083333333333336
[]
--- 0.22627472877502441 seconds ---
Percent complete: 0.3215277777777778
[]
--- 0.22941255569458008 seconds ---
Percent complete: 0.32222222222222224
[]
--- 0.2283799648284912 seconds ---
Percent complete: 0.3229166666666667
[]
--- 0.2357654571533203 seconds ---
Percent complete: 0.3236111111111111
[]
--- 0.2376267910003662 seconds ---
Percent complete: 0.32430555555555557
[]
--- 0.22777318954467773 seconds ---
Percent complete: 0.325
[]
--- 0.22557878494262695 seconds ---
Percent complete: 0.32569444444444445
[]
--- 0.23094534873962402 seconds ---
Percent complete: 0.3263888888888889
[]
--- 0.23397541046142578 seconds ---
Percent complete: 0.32708333333333334
[]
--- 0.2360224723815918 seconds ---
Percent complete: 0.3277777777777778
[]
--- 0.24797439575195312 seconds ---
Percent complete: 0.3284722222222222
[]
--- 0.22916197776794434 seconds ---
Percent complete: 0.32916666666666666
[]
--- 0.23000311851501465 seconds ---
Percent complete: 0.3298611111111111
[]
--- 0.23481321334838867 seconds ---
Percent complete: 0.33055555555555555
[]
--- 0.23705577850341797 seconds ---
Percent complete: 0.33125
[]
--- 0.23048043251037598 seconds ---
Percent complete: 0.33194444444444443
[]
--- 0.23188281059265137 seconds ---
Percent complete: 0.3326388888888889
[]
--- 0.232743501663208 seconds ---
Percent complete: 0.3333333333333333
[]
--- 0.23311543464660645 seconds ---
Percent complete: 0.33402777777777776
[]
--- 0.23467159271240234 seconds ---
Percent complete: 0.3347222222222222
[]
--- 0.23075342178344727 seconds ---
Percent complete: 0.33541666666666664
[]
--- 0.23432517051696777 seconds ---
Percent complete: 0.33611111111111114
[]
--- 0.2323436737060547 seconds ---
Percent complete: 0.3368055555555556
[]
--- 0.23244428634643555 seconds ---
Percent complete: 0.3375
[]
--- 0.2340550422668457 seconds ---
Percent complete: 0.33819444444444446
[]
--- 0.23319220542907715 seconds ---
Percent complete: 0.3388888888888889
[]
--- 0.22907304763793945 seconds ---
Percent complete: 0.33958333333333335
[]
--- 0.22811651229858398 seconds ---
Percent complete: 0.3402777777777778
[]
--- 0.23436832427978516 seconds ---
Percent complete: 0.34097222222222223
[]
--- 0.23347806930541992 seconds ---
Percent complete: 0.3416666666666667
[]
--- 0.2477436065673828 seconds ---
Percent complete: 0.3423611111111111
[]
--- 0.22318720817565918 seconds ---
Percent complete: 0.34305555555555556
[]
--- 0.21895480155944824 seconds ---
Percent complete: 0.34375
[]
--- 0.22464799880981445 seconds ---
Percent complete: 0.34444444444444444
[]
--- 0.21870136260986328 seconds ---
Percent complete: 0.3451388888888889
[]
--- 0.22368955612182617 seconds ---
Percent complete: 0.3458333333333333
[]
--- 0.2307896614074707 seconds ---
Percent complete: 0.34652777777777777
[]
--- 0.2230207920074463 seconds ---
Percent complete: 0.3472222222222222
[]
--- 0.22276043891906738 seconds ---
Percent complete: 0.34791666666666665
[]
--- 0.22555780410766602 seconds ---
Percent complete: 0.3486111111111111
[]
--- 0.2226717472076416 seconds ---
Percent complete: 0.34930555555555554
[]
--- 0.2187204360961914 seconds ---
Percent complete: 0.35
[]
--- 0.22572731971740723 seconds ---
Percent complete: 0.3506944444444444
[]
--- 0.22514748573303223 seconds ---
Percent complete: 0.35138888888888886
[]
--- 0.22503924369812012 seconds ---
Percent complete: 0.35208333333333336
[]
--- 0.22347354888916016 seconds ---
Percent complete: 0.3527777777777778
[]
--- 0.24428772926330566 seconds ---
Percent complete: 0.35347222222222224
[]
--- 0.22730684280395508 seconds ---
Percent complete: 0.3541666666666667
[]
--- 0.2304668426513672 seconds ---
Percent complete: 0.3548611111111111
[]
--- 0.23243212699890137 seconds ---
Percent complete: 0.35555555555555557
[]
--- 0.22205758094787598 seconds ---
Percent complete: 0.35625
[]
--- 0.22766900062561035 seconds ---
Percent complete: 0.35694444444444445
[]
--- 0.229339599609375 seconds ---
Percent complete: 0.3576388888888889
[]
--- 0.22349882125854492 seconds ---
Percent complete: 0.35833333333333334
[]
--- 0.22753429412841797 seconds ---
Percent complete: 0.3590277777777778
[]
--- 0.22120881080627441 seconds ---
Percent complete: 0.3597222222222222
[]
--- 0.21870708465576172 seconds ---
Percent complete: 0.36041666666666666
[]
--- 0.2295074462890625 seconds ---
Percent complete: 0.3611111111111111
[]
--- 0.23168063163757324 seconds ---
Percent complete: 0.36180555555555555
[]
--- 0.21771478652954102 seconds ---
Percent complete: 0.3625
[]
--- 0.23260760307312012 seconds ---
Percent complete: 0.36319444444444443
[]
--- 0.2401902675628662 seconds ---
Percent complete: 0.3638888888888889
[]
--- 0.2189469337463379 seconds ---
Percent complete: 0.3645833333333333
[]
--- 0.22714924812316895 seconds ---
Percent complete: 0.36527777777777776
[]
--- 0.2295973300933838 seconds ---
Percent complete: 0.3659722222222222
[]
--- 0.21222686767578125 seconds ---
Percent complete: 0.36666666666666664
[]
--- 0.20906996726989746 seconds ---
Percent complete: 0.36736111111111114
[]
--- 0.2155609130859375 seconds ---
Percent complete: 0.3680555555555556
[]
--- 0.2070324420928955 seconds ---
Percent complete: 0.36875
[]
--- 0.21228432655334473 seconds ---
Percent complete: 0.36944444444444446
[]
--- 0.20636391639709473 seconds ---
Percent complete: 0.3701388888888889
[]
--- 0.21536779403686523 seconds ---
Percent complete: 0.37083333333333335
[]
--- 0.2174820899963379 seconds ---
Percent complete: 0.3715277777777778
[]
--- 0.2087841033935547 seconds ---
Percent complete: 0.37222222222222223
[]
--- 0.21056556701660156 seconds ---
Percent complete: 0.3729166666666667
[]
--- 0.21307158470153809 seconds ---
Percent complete: 0.3736111111111111
[]
--- 0.21332359313964844 seconds ---
Percent complete: 0.37430555555555556
[]
--- 0.21904230117797852 seconds ---
Percent complete: 0.375
[]
--- 0.22074413299560547 seconds ---
Percent complete: 0.37569444444444444
[]
--- 0.2173323631286621 seconds ---
Percent complete: 0.3763888888888889
[]
--- 0.18813347816467285 seconds ---
Percent complete: 0.3770833333333333
[]
--- 0.2367410659790039 seconds ---
Percent complete: 0.37777777777777777
[]
--- 0.23335552215576172 seconds ---
Percent complete: 0.3784722222222222
[]
--- 0.22626376152038574 seconds ---
Percent complete: 0.37916666666666665
[]
--- 0.22268199920654297 seconds ---
Percent complete: 0.3798611111111111
[]
--- 0.22657370567321777 seconds ---
Percent complete: 0.38055555555555554
[]
--- 0.22815203666687012 seconds ---
Percent complete: 0.38125
[]
--- 0.23110723495483398 seconds ---
Percent complete: 0.3819444444444444
[]
--- 0.22650837898254395 seconds ---
Percent complete: 0.38263888888888886
[]
--- 0.22928285598754883 seconds ---
Percent complete: 0.38333333333333336
[]
--- 0.2209947109222412 seconds ---
Percent complete: 0.3840277777777778
[]
--- 0.22448444366455078 seconds ---
Percent complete: 0.38472222222222224
[]
--- 0.22232985496520996 seconds ---
Percent complete: 0.3854166666666667
[]
--- 0.2207329273223877 seconds ---
Percent complete: 0.3861111111111111
[]
--- 0.22335457801818848 seconds ---
Percent complete: 0.38680555555555557
[]
--- 0.22673749923706055 seconds ---
Percent complete: 0.3875
[]
--- 0.22198176383972168 seconds ---
Percent complete: 0.38819444444444445
[]
--- 0.2465956211090088 seconds ---
Percent complete: 0.3888888888888889
[]
--- 0.22138404846191406 seconds ---
Percent complete: 0.38958333333333334
[]
--- 0.21636128425598145 seconds ---
Percent complete: 0.3902777777777778
[]
--- 0.22649931907653809 seconds ---
Percent complete: 0.3909722222222222
[]
--- 0.218458890914917 seconds ---
Percent complete: 0.39166666666666666
[]
--- 0.23138713836669922 seconds ---
Percent complete: 0.3923611111111111
[]
--- 0.22023391723632812 seconds ---
Percent complete: 0.39305555555555555
[]
--- 0.24929046630859375 seconds ---
Percent complete: 0.39375
[]
--- 0.22938919067382812 seconds ---
Percent complete: 0.39444444444444443
[]
--- 0.22459769248962402 seconds ---
Percent complete: 0.3951388888888889
[]
--- 0.22825241088867188 seconds ---
Percent complete: 0.3958333333333333
[]
--- 0.22552180290222168 seconds ---
Percent complete: 0.39652777777777776
[]
--- 0.22739529609680176 seconds ---
Percent complete: 0.3972222222222222
[]
--- 0.22992897033691406 seconds ---
Percent complete: 0.39791666666666664
[]
--- 0.22656536102294922 seconds ---
Percent complete: 0.39861111111111114
[]
--- 0.2509927749633789 seconds ---
Percent complete: 0.3993055555555556
[]
--- 0.22699785232543945 seconds ---
Percent complete: 0.4
[]
--- 0.2325143814086914 seconds ---
Percent complete: 0.40069444444444446
[]
--- 0.22756218910217285 seconds ---
Percent complete: 0.4013888888888889
[]
--- 0.22865581512451172 seconds ---
Percent complete: 0.40208333333333335
[]
--- 0.22365808486938477 seconds ---
Percent complete: 0.4027777777777778
[]
--- 0.22740554809570312 seconds ---
Percent complete: 0.40347222222222223
[]
--- 0.22455668449401855 seconds ---
Percent complete: 0.4041666666666667
[]
--- 0.2280569076538086 seconds ---
Percent complete: 0.4048611111111111
[]
--- 0.22626852989196777 seconds ---
Percent complete: 0.40555555555555556
[]
--- 0.2263026237487793 seconds ---
Percent complete: 0.40625
[]
--- 0.23333215713500977 seconds ---
Percent complete: 0.40694444444444444
[]
--- 0.22966861724853516 seconds ---
Percent complete: 0.4076388888888889
[]
--- 0.22784852981567383 seconds ---
Percent complete: 0.4083333333333333
[]
--- 0.22860336303710938 seconds ---
Percent complete: 0.40902777777777777
[]
--- 0.23243308067321777 seconds ---
Percent complete: 0.4097222222222222
[]
--- 0.22547602653503418 seconds ---
Percent complete: 0.41041666666666665
[]
--- 0.23259735107421875 seconds ---
Percent complete: 0.4111111111111111
[]
--- 0.2300405502319336 seconds ---
Percent complete: 0.41180555555555554
[]
--- 0.22631168365478516 seconds ---
Percent complete: 0.4125
[]
--- 0.24565505981445312 seconds ---
Percent complete: 0.4131944444444444
[]
--- 0.22345495223999023 seconds ---
Percent complete: 0.41388888888888886
[]
--- 0.22727560997009277 seconds ---
Percent complete: 0.41458333333333336
